<?xml version="1.0" encoding="UTF-8"?>
<testsuite xmlns:xsi="http://www.w3.org/2001/XMLSchema-instance" xsi:noNamespaceSchemaLocation="https://maven.apache.org/surefire/maven-surefire-plugin/xsd/surefire-test-report-3.0.xsd" version="3.0" name="com.medievalmarket.service.GoodsCatalogueTest" time="0.003" tests="6" errors="0" skipped="0" failures="0">
  <properties>
[...]
</properties>
  <testcase name="agricultureCategoryHasElevenGoods" classname="com.medievalmarket.service.GoodsCatalogueTest" time="0.001"/>
  <testcase name="miningCategoryHasEightGoods" classname="com.medievalmarket.service.GoodsCatalogueTest" time="0.0"/>
  <testcase name="allGoodsHavePositiveBasePrice" classname="com.medievalmarket.service.GoodsCatalogueTest" time="0.0"/>
  <testcase name="timberAndCraftCategoryHasTenGoods" classname="com.medievalmarket.service.GoodsCatalogueTest" time="0.0"/>
  <testcase name="goodNamesAreUnique" classname="com.medievalmarket.service.GoodsCatalogueTest" time="0.0"/>
  <testcase name="catalogueHas29Goods" classname="com.medievalmarket.service.GoodsCatalogueTest" time="0.0"/>
</testsuite>